<?xml version="1.0" encoding="UTF-8"?>
<testsuite name="com.sp.fc.web.BasicAuthenticationTest" tests="1" skipped="0" failures="0" errors="0" timestamp="2022-11-29T11:18:09" hostname="MacBook-Pro.local" time="0.577">
  <properties/>
  <testcase name="1. 인증 실패" classname="com.sp.fc.web.BasicAuthenticationTest" time="0.577"/>
  <system-out><![CDATA[20:18:04.070 [Test worker] DEBUG org.springframework.test.context.BootstrapUtils - Instantiating CacheAwareContextLoaderDelegate from class [org.springframework.test.context.cache.DefaultCacheAwareContextLoaderDelegate]
20:18:04.085 [Test worker] DEBUG org.springframework.test.context.BootstrapUtils - Instantiating BootstrapContext using constructor [public org.springframework.test.context.support.DefaultBootstrapContext(java.lang.Class,org.springframework.test.context.CacheAwareContextLoaderDelegate)]
20:18:04.131 [Test worker] DEBUG org.springframework.test.context.BootstrapUtils - Instantiating TestContextBootstrapper for test class [com.sp.fc.web.BasicAuthenticationTest] from class [org.springframework.boot.test.context.SpringBootTestContextBootstrapper]
20:18:04.148 [Test worker] INFO org.springframework.boot.test.context.SpringBootTestContextBootstrapper - Neither @ContextConfiguration nor @ContextHierarchy found for test class [com.sp.fc.web.BasicAuthenticationTest], using SpringBootContextLoader
20:18:04.152 [Test worker] DEBUG org.springframework.test.context.support.AbstractContextLoader - Did not detect default resource location for test class [com.sp.fc.web.BasicAuthenticationTest]: class path resource [com/sp/fc/web/BasicAuthenticationTest-context.xml] does not exist
20:18:04.153 [Test worker] DEBUG org.springframework.test.context.support.AbstractContextLoader - Did not detect default resource location for test class [com.sp.fc.web.BasicAuthenticationTest]: class path resource [com/sp/fc/web/BasicAuthenticationTestContext.groovy] does not exist
20:18:04.153 [Test worker] INFO org.springframework.test.context.support.AbstractContextLoader - Could not detect default resource locations for test class [com.sp.fc.web.BasicAuthenticationTest]: no resource found for suffixes {-context.xml, Context.groovy}.
20:18:04.154 [Test worker] INFO org.springframework.test.context.support.AnnotationConfigContextLoaderUtils - Could not detect default configuration classes for test class [com.sp.fc.web.BasicAuthenticationTest]: BasicAuthenticationTest does not declare any static, non-private, non-final, nested classes annotated with @Configuration.
20:18:04.225 [Test worker] DEBUG org.springframework.test.context.support.ActiveProfilesUtils - Could not find an 'annotation declaring class' for annotation type [org.springframework.test.context.ActiveProfiles] and class [com.sp.fc.web.BasicAuthenticationTest]
20:18:04.292 [Test worker] DEBUG org.springframework.context.annotation.ClassPathScanningCandidateComponentProvider - Identified candidate component class: file [/Users/taeil/springSecurityPractice/springSecurityPractice/sp-fastcampus-spring-sec/server/basic-authentication-test/build/classes/java/main/com/sp/fc/web/BasicAuthentionTestApplication.class]
20:18:04.294 [Test worker] INFO org.springframework.boot.test.context.SpringBootTestContextBootstrapper - Found @SpringBootConfiguration com.sp.fc.web.BasicAuthentionTestApplication for test class com.sp.fc.web.BasicAuthenticationTest
20:18:04.410 [Test worker] DEBUG org.springframework.boot.test.context.SpringBootTestContextBootstrapper - @TestExecutionListeners is not present for class [com.sp.fc.web.BasicAuthenticationTest]: using defaults.
20:18:04.411 [Test worker] INFO org.springframework.boot.test.context.SpringBootTestContextBootstrapper - Loaded default TestExecutionListener class names from location [META-INF/spring.factories]: [org.springframework.boot.test.autoconfigure.restdocs.RestDocsTestExecutionListener, org.springframework.boot.test.autoconfigure.web.client.MockRestServiceServerResetTestExecutionListener, org.springframework.boot.test.autoconfigure.web.servlet.MockMvcPrintOnlyOnFailureTestExecutionListener, org.springframework.boot.test.autoconfigure.web.servlet.WebDriverTestExecutionListener, org.springframework.boot.test.autoconfigure.webservices.client.MockWebServiceServerTestExecutionListener, org.springframework.boot.test.mock.mockito.MockitoTestExecutionListener, org.springframework.boot.test.mock.mockito.ResetMocksTestExecutionListener, org.springframework.test.context.web.ServletTestExecutionListener, org.springframework.test.context.support.DirtiesContextBeforeModesTestExecutionListener, org.springframework.test.context.support.DependencyInjectionTestExecutionListener, org.springframework.test.context.support.DirtiesContextTestExecutionListener, org.springframework.test.context.transaction.TransactionalTestExecutionListener, org.springframework.test.context.jdbc.SqlScriptsTestExecutionListener, org.springframework.test.context.event.EventPublishingTestExecutionListener]
20:18:04.424 [Test worker] DEBUG org.springframework.boot.test.context.SpringBootTestContextBootstrapper - Skipping candidate TestExecutionListener [org.springframework.test.context.transaction.TransactionalTestExecutionListener] due to a missing dependency. Specify custom listener classes or make the default listener classes and their required dependencies available. Offending class: [org/springframework/transaction/TransactionDefinition]
20:18:04.424 [Test worker] DEBUG org.springframework.boot.test.context.SpringBootTestContextBootstrapper - Skipping candidate TestExecutionListener [org.springframework.test.context.jdbc.SqlScriptsTestExecutionListener] due to a missing dependency. Specify custom listener classes or make the default listener classes and their required dependencies available. Offending class: [org/springframework/transaction/interceptor/TransactionAttribute]
20:18:04.425 [Test worker] INFO org.springframework.boot.test.context.SpringBootTestContextBootstrapper - Using TestExecutionListeners: [org.springframework.test.context.web.ServletTestExecutionListener@be7907d, org.springframework.test.context.support.DirtiesContextBeforeModesTestExecutionListener@104379ac, org.springframework.boot.test.mock.mockito.MockitoTestExecutionListener@323d38e6, org.springframework.boot.test.autoconfigure.SpringBootDependencyInjectionTestExecutionListener@424ee553, org.springframework.test.context.support.DirtiesContextTestExecutionListener@751de11f, org.springframework.test.context.event.EventPublishingTestExecutionListener@7e986809, org.springframework.boot.test.autoconfigure.restdocs.RestDocsTestExecutionListener@25b98534, org.springframework.boot.test.autoconfigure.web.client.MockRestServiceServerResetTestExecutionListener@106898ad, org.springframework.boot.test.autoconfigure.web.servlet.MockMvcPrintOnlyOnFailureTestExecutionListener@a6786a6, org.springframework.boot.test.autoconfigure.web.servlet.WebDriverTestExecutionListener@37826fc3, org.springframework.boot.test.autoconfigure.webservices.client.MockWebServiceServerTestExecutionListener@5efbcc22, org.springframework.boot.test.mock.mockito.ResetMocksTestExecutionListener@a829aa0]
20:18:04.429 [Test worker] DEBUG org.springframework.test.context.support.AbstractDirtiesContextTestExecutionListener - Before test class: context [DefaultTestContext@1ec8703b testClass = BasicAuthenticationTest, testInstance = [null], testMethod = [null], testException = [null], mergedContextConfiguration = [WebMergedContextConfiguration@13e3d03f testClass = BasicAuthenticationTest, locations = '{}', classes = '{class com.sp.fc.web.BasicAuthentionTestApplication}', contextInitializerClasses = '[]', activeProfiles = '{}', propertySourceLocations = '{}', propertySourceProperties = '{org.springframework.boot.test.context.SpringBootTestContextBootstrapper=true, server.port=0}', contextCustomizers = set[org.springframework.boot.test.autoconfigure.actuate.metrics.MetricsExportContextCustomizerFactory$DisableMetricExportContextCustomizer@1d8c1bc7, org.springframework.boot.test.autoconfigure.properties.PropertyMappingContextCustomizer@0, org.springframework.boot.test.autoconfigure.web.servlet.WebDriverContextCustomizerFactory$Customizer@427e87e5, org.springframework.boot.test.context.filter.ExcludeFilterContextCustomizer@73d0af7b, org.springframework.boot.test.json.DuplicateJsonObjectContextCustomizerFactory$DuplicateJsonObjectContextCustomizer@3856036c, org.springframework.boot.test.mock.mockito.MockitoContextCustomizer@0, org.springframework.boot.test.web.client.TestRestTemplateContextCustomizer@1076c0c0, org.springframework.boot.test.context.SpringBootTestArgs@1, org.springframework.boot.test.context.SpringBootTestWebEnvironment@5f62f85d], resourceBasePath = 'src/main/webapp', contextLoader = 'org.springframework.boot.test.context.SpringBootContextLoader', parent = [null]], attributes = map['org.springframework.test.context.web.ServletTestExecutionListener.activateListener' -> false]], class annotated with @DirtiesContext [false] with mode [null].
20:18:04.773 [Test worker] DEBUG org.springframework.test.context.support.DependencyInjectionTestExecutionListener - Performing dependency injection for test context [[DefaultTestContext@1ec8703b testClass = BasicAuthenticationTest, testInstance = com.sp.fc.web.BasicAuthenticationTest@3e071d07, testMethod = [null], testException = [null], mergedContextConfiguration = [WebMergedContextConfiguration@13e3d03f testClass = BasicAuthenticationTest, locations = '{}', classes = '{class com.sp.fc.web.BasicAuthentionTestApplication}', contextInitializerClasses = '[]', activeProfiles = '{}', propertySourceLocations = '{}', propertySourceProperties = '{org.springframework.boot.test.context.SpringBootTestContextBootstrapper=true, server.port=0}', contextCustomizers = set[org.springframework.boot.test.autoconfigure.actuate.metrics.MetricsExportContextCustomizerFactory$DisableMetricExportContextCustomizer@1d8c1bc7, org.springframework.boot.test.autoconfigure.properties.PropertyMappingContextCustomizer@0, org.springframework.boot.test.autoconfigure.web.servlet.WebDriverContextCustomizerFactory$Customizer@427e87e5, org.springframework.boot.test.context.filter.ExcludeFilterContextCustomizer@73d0af7b, org.springframework.boot.test.json.DuplicateJsonObjectContextCustomizerFactory$DuplicateJsonObjectContextCustomizer@3856036c, org.springframework.boot.test.mock.mockito.MockitoContextCustomizer@0, org.springframework.boot.test.web.client.TestRestTemplateContextCustomizer@1076c0c0, org.springframework.boot.test.context.SpringBootTestArgs@1, org.springframework.boot.test.context.SpringBootTestWebEnvironment@5f62f85d], resourceBasePath = 'src/main/webapp', contextLoader = 'org.springframework.boot.test.context.SpringBootContextLoader', parent = [null]], attributes = map['org.springframework.test.context.web.ServletTestExecutionListener.activateListener' -> false]]].
20:18:04.805 [Test worker] DEBUG org.springframework.test.context.support.TestPropertySourceUtils - Adding inlined properties to environment: {spring.jmx.enabled=false, org.springframework.boot.test.context.SpringBootTestContextBootstrapper=true, server.port=0}

  .   ____          _            __ _ _
 /\\ / ___'_ __ _ _(_)_ __  __ _ \ \ \ \
( ( )\___ | '_ | '_| | '_ \/ _` | \ \ \ \
 \\/  ___)| |_)| | | | | || (_| |  ) ) ) )
  '  |____| .__|_| |_|_| |_\__, | / / / /
 =========|_|==============|___/=/_/_/_/
 :: Spring Boot ::                (v2.4.1)

2022-11-29 20:18:05.239  INFO 40716 --- [    Test worker] com.sp.fc.web.BasicAuthenticationTest    : Starting BasicAuthenticationTest using Java 11.0.11 on MacBook-Pro.local with PID 40716 (started by taeil in /Users/taeil/springSecurityPractice/springSecurityPractice/sp-fastcampus-spring-sec/server/basic-authentication-test)
2022-11-29 20:18:05.244  INFO 40716 --- [    Test worker] com.sp.fc.web.BasicAuthenticationTest    : No active profile set, falling back to default profiles: default
2022-11-29 20:18:07.235  INFO 40716 --- [    Test worker] o.s.b.w.embedded.tomcat.TomcatWebServer  : Tomcat initialized with port(s): 0 (http)
2022-11-29 20:18:07.247  INFO 40716 --- [    Test worker] o.apache.catalina.core.StandardService   : Starting service [Tomcat]
2022-11-29 20:18:07.248  INFO 40716 --- [    Test worker] org.apache.catalina.core.StandardEngine  : Starting Servlet engine: [Apache Tomcat/9.0.41]
2022-11-29 20:18:07.353  INFO 40716 --- [    Test worker] o.a.c.c.C.[Tomcat].[localhost].[/]       : Initializing Spring embedded WebApplicationContext
2022-11-29 20:18:07.354  INFO 40716 --- [    Test worker] w.s.c.ServletWebServerApplicationContext : Root WebApplicationContext: initialization completed in 1766 ms
2022-11-29 20:18:07.927  INFO 40716 --- [    Test worker] o.s.s.concurrent.ThreadPoolTaskExecutor  : Initializing ExecutorService 'applicationTaskExecutor'
2022-11-29 20:18:08.412  WARN 40716 --- [    Test worker] ion$DefaultTemplateResolverConfiguration : Cannot find template location: classpath:/templates/ (please add some templates or check your Thymeleaf configuration)
2022-11-29 20:18:08.652  INFO 40716 --- [    Test worker] .s.s.UserDetailsServiceAutoConfiguration : 

Using generated security password: 0d799f5b-8db3-4909-85bb-08d7b3304722

2022-11-29 20:18:08.899  INFO 40716 --- [    Test worker] o.s.s.web.DefaultSecurityFilterChain     : Will secure any request with [org.springframework.security.web.context.request.async.WebAsyncManagerIntegrationFilter@1358e0d8, org.springframework.security.web.context.SecurityContextPersistenceFilter@4b934fc6, org.springframework.security.web.header.HeaderWriterFilter@386513d0, org.springframework.security.web.csrf.CsrfFilter@7466e968, org.springframework.security.web.authentication.logout.LogoutFilter@16cd94ea, org.springframework.security.web.authentication.UsernamePasswordAuthenticationFilter@11d3ff29, org.springframework.security.web.authentication.ui.DefaultLoginPageGeneratingFilter@4e1bc63, org.springframework.security.web.authentication.ui.DefaultLogoutPageGeneratingFilter@7c151968, org.springframework.security.web.authentication.www.BasicAuthenticationFilter@720ec006, org.springframework.security.web.savedrequest.RequestCacheAwareFilter@61e550e0, org.springframework.security.web.servletapi.SecurityContextHolderAwareRequestFilter@5e737caa, org.springframework.security.web.authentication.AnonymousAuthenticationFilter@789fe81c, org.springframework.security.web.session.SessionManagementFilter@4049b166, org.springframework.security.web.access.ExceptionTranslationFilter@30f25198, org.springframework.security.web.access.intercept.FilterSecurityInterceptor@43430902]
2022-11-29 20:18:09.032  INFO 40716 --- [    Test worker] o.s.b.w.embedded.tomcat.TomcatWebServer  : Tomcat started on port(s): 57799 (http) with context path ''
2022-11-29 20:18:09.046  INFO 40716 --- [    Test worker] com.sp.fc.web.BasicAuthenticationTest    : Started BasicAuthenticationTest in 4.237 seconds (JVM running for 6.44)
2022-11-29 20:18:09.529  INFO 40716 --- [o-auto-1-exec-1] o.a.c.c.C.[Tomcat].[localhost].[/]       : Initializing Spring DispatcherServlet 'dispatcherServlet'
2022-11-29 20:18:09.530  INFO 40716 --- [o-auto-1-exec-1] o.s.web.servlet.DispatcherServlet        : Initializing Servlet 'dispatcherServlet'
2022-11-29 20:18:09.535  INFO 40716 --- [o-auto-1-exec-1] o.s.web.servlet.DispatcherServlet        : Completed initialization in 5 ms
<!DOCTYPE html>
<html lang="en">
  <head>
    <meta charset="utf-8">
    <meta name="viewport" content="width=device-width, initial-scale=1, shrink-to-fit=no">
    <meta name="description" content="">
    <meta name="author" content="">
    <title>Please sign in</title>
    <link href="https://maxcdn.bootstrapcdn.com/bootstrap/4.0.0-beta/css/bootstrap.min.css" rel="stylesheet" integrity="sha384-/Y6pD6FV/Vv2HJnA6t+vslU6fwYXjCFtcEpHbNJ0lyAFsXTsjBbfaDjzALeQsN6M" crossorigin="anonymous">
    <link href="https://getbootstrap.com/docs/4.0/examples/signin/signin.css" rel="stylesheet" crossorigin="anonymous"/>
  </head>
  <body>
     <div class="container">
      <form class="form-signin" method="post" action="/login">
        <h2 class="form-signin-heading">Please sign in</h2>
        <p>
          <label for="username" class="sr-only">Username</label>
          <input type="text" id="username" name="username" class="form-control" placeholder="Username" required autofocus>
        </p>
        <p>
          <label for="password" class="sr-only">Password</label>
          <input type="password" id="password" name="password" class="form-control" placeholder="Password" required>
        </p>
<input name="_csrf" type="hidden" value="779a0afd-cf49-4adb-ae82-0da58b61aece" />
        <button class="btn btn-lg btn-primary btn-block" type="submit">Sign in</button>
      </form>
</div>
</body></html>
]]></system-out>
  <system-err><![CDATA[]]></system-err>
</testsuite>
